---------------------------------------------------------------
[ 2018-05-10T10:26:50+08:00 ] 127.0.0.1 GET /manage/index/right.html
[ info ] a.com/manage/index/right.html [运行时间：0.346020s][吞吐率：2.89req/s] [内存消耗：2,294.30kb] [文件加载：53]
[ sql ] [ DB ] CONNECT:[ UseTime:0.000000s ] sqlsrv:Database=XiaoCaoPos;Server=114.215.197.61
[ sql ] [ SQL ] SELECT   column_name,   data_type,   column_default,   is_nullable
        FROM    information_schema.tables AS t
        JOIN    information_schema.columns AS c
        ON  t.table_catalog = c.table_catalog
        AND t.table_schema  = c.table_schema
        AND t.table_name    = c.table_name
        WHERE   t.table_name = 'tbl_store' [ RunTime:0.061004s ]
[ sql ] [ SQL ] SELECT column_name FROM information_schema.key_column_usage WHERE table_name='tbl_store' [ RunTime:0.061003s ]
[ sql ] [ SQL ] SELECT T1.* FROM (SELECT thinkphp.*, ROW_NUMBER() OVER ( ORDER BY rand()) AS ROW_NUMBER FROM (SELECT  * FROM [tbl_store] WHERE  [user_code] = '15285579978') AS thinkphp) AS T1 [ RunTime:0.120007s ]
---------------------------------------------------------------
[ 2018-05-10T10:47:42+08:00 ] 127.0.0.1 GET /manage/index/right.html
[ sql ] [ DB ] CONNECT:[ UseTime:0.457026s ] sqlsrv:Database=XiaoCaoPos;Server=114.215.197.61
[ sql ] [ SQL ] SELECT   column_name,   data_type,   column_default,   is_nullable
        FROM    information_schema.tables AS t
        JOIN    information_schema.columns AS c
        ON  t.table_catalog = c.table_catalog
        AND t.table_schema  = c.table_schema
        AND t.table_name    = c.table_name
        WHERE   t.table_name = 'tbl_store' [ RunTime:0.062004s ]
[ sql ] [ SQL ] SELECT column_name FROM information_schema.key_column_usage WHERE table_name='tbl_store' [ RunTime:0.062003s ]
[ sql ] [ SQL ] SELECT T1.* FROM (SELECT thinkphp.*, ROW_NUMBER() OVER ( ORDER BY rand()) AS ROW_NUMBER FROM (SELECT  * FROM [tbl_store] WHERE  [user_code] = '15285579978') AS thinkphp) AS T1 [ RunTime:0.123007s ]
---------------------------------------------------------------
[ 2018-05-10T10:48:56+08:00 ] 127.0.0.1 GET /manage/index/right.html
[ sql ] [ DB ] CONNECT:[ UseTime:0.348020s ] sqlsrv:Database=XiaoCaoPos;Server=114.215.197.61
[ sql ] [ SQL ] SELECT   column_name,   data_type,   column_default,   is_nullable
        FROM    information_schema.tables AS t
        JOIN    information_schema.columns AS c
        ON  t.table_catalog = c.table_catalog
        AND t.table_schema  = c.table_schema
        AND t.table_name    = c.table_name
        WHERE   t.table_name = 'tbl_store' [ RunTime:0.064004s ]
[ sql ] [ SQL ] SELECT column_name FROM information_schema.key_column_usage WHERE table_name='tbl_store' [ RunTime:0.065004s ]
[ sql ] [ SQL ] SELECT T1.* FROM (SELECT thinkphp.*, ROW_NUMBER() OVER ( ORDER BY rand()) AS ROW_NUMBER FROM (SELECT  * FROM [tbl_store] WHERE  [user_code] = '15285579978') AS thinkphp) AS T1 [ RunTime:0.129008s ]
---------------------------------------------------------------
[ 2018-05-10T10:57:41+08:00 ] 127.0.0.1 GET /manage/index/right.html
[ sql ] [ DB ] CONNECT:[ UseTime:0.457026s ] sqlsrv:Database=XiaoCaoPos;Server=114.215.197.61
[ sql ] [ SQL ] SELECT   column_name,   data_type,   column_default,   is_nullable
        FROM    information_schema.tables AS t
        JOIN    information_schema.columns AS c
        ON  t.table_catalog = c.table_catalog
        AND t.table_schema  = c.table_schema
        AND t.table_name    = c.table_name
        WHERE   t.table_name = 'tbl_store' [ RunTime:0.061003s ]
[ sql ] [ SQL ] SELECT column_name FROM information_schema.key_column_usage WHERE table_name='tbl_store' [ RunTime:0.062004s ]
[ sql ] [ SQL ] SELECT T1.* FROM (SELECT thinkphp.*, ROW_NUMBER() OVER ( ORDER BY rand()) AS ROW_NUMBER FROM (SELECT  * FROM [tbl_store] WHERE  [user_code] = '15285579978') AS thinkphp) AS T1 [ RunTime:0.122007s ]
---------------------------------------------------------------
[ 2018-05-10T11:03:57+08:00 ] 127.0.0.1 GET /manage/index/right.html
[ sql ] [ DB ] CONNECT:[ UseTime:0.433025s ] sqlsrv:Database=XiaoCaoPos;Server=114.215.197.61
[ sql ] [ SQL ] SELECT   column_name,   data_type,   column_default,   is_nullable
        FROM    information_schema.tables AS t
        JOIN    information_schema.columns AS c
        ON  t.table_catalog = c.table_catalog
        AND t.table_schema  = c.table_schema
        AND t.table_name    = c.table_name
        WHERE   t.table_name = 'tbl_store' [ RunTime:0.059003s ]
[ sql ] [ SQL ] SELECT column_name FROM information_schema.key_column_usage WHERE table_name='tbl_store' [ RunTime:0.059004s ]
[ sql ] [ SQL ] SELECT T1.* FROM (SELECT thinkphp.*, ROW_NUMBER() OVER ( ORDER BY rand()) AS ROW_NUMBER FROM (SELECT  * FROM [tbl_store] WHERE  [user_code] = '15285579978') AS thinkphp) AS T1 [ RunTime:0.118007s ]
---------------------------------------------------------------
[ 2018-05-10T11:04:02+08:00 ] 127.0.0.1 GET /manage/index/right.html
[ sql ] [ DB ] CONNECT:[ UseTime:0.005000s ] sqlsrv:Database=XiaoCaoPos;Server=114.215.197.61
[ sql ] [ SQL ] SELECT   column_name,   data_type,   column_default,   is_nullable
        FROM    information_schema.tables AS t
        JOIN    information_schema.columns AS c
        ON  t.table_catalog = c.table_catalog
        AND t.table_schema  = c.table_schema
        AND t.table_name    = c.table_name
        WHERE   t.table_name = 'tbl_store' [ RunTime:0.059004s ]
[ sql ] [ SQL ] SELECT column_name FROM information_schema.key_column_usage WHERE table_name='tbl_store' [ RunTime:0.060003s ]
[ sql ] [ SQL ] SELECT T1.* FROM (SELECT thinkphp.*, ROW_NUMBER() OVER ( ORDER BY rand()) AS ROW_NUMBER FROM (SELECT  * FROM [tbl_store] WHERE  [user_code] = '15285579978') AS thinkphp) AS T1 [ RunTime:0.117007s ]
---------------------------------------------------------------
[ 2018-05-10T11:04:09+08:00 ] 127.0.0.1 GET /manage/member/index
[ sql ] [ DB ] CONNECT:[ UseTime:0.000000s ] sqlsrv:Database=XiaoCaoPos;Server=114.215.197.61
[ sql ] [ SQL ] SELECT   column_name,   data_type,   column_default,   is_nullable
        FROM    information_schema.tables AS t
        JOIN    information_schema.columns AS c
        ON  t.table_catalog = c.table_catalog
        AND t.table_schema  = c.table_schema
        AND t.table_name    = c.table_name
        WHERE   t.table_name = 'tbl_cashier' [ RunTime:0.070000s ]
[ sql ] [ SQL ] SELECT column_name FROM information_schema.key_column_usage WHERE table_name='tbl_cashier' [ RunTime:0.060000s ]
[ sql ] [ SQL ] SELECT T1.* FROM (SELECT thinkphp.*, ROW_NUMBER() OVER ( ORDER BY rand()) AS ROW_NUMBER FROM (SELECT  COUNT(*) AS tp_count FROM [tbl_cashier] WHERE  [Cashier_code] > '0'  AND [store_code] = '000002') AS thinkphp) AS T1 WHERE (T1.ROW_NUMBER BETWEEN 1 AND 1) [ RunTime:0.120000s ]
[ sql ] [ SQL ] SELECT T1.* FROM (SELECT thinkphp.*, ROW_NUMBER() OVER ( ORDER BY Cashier_code ASC) AS ROW_NUMBER FROM (SELECT  * FROM [tbl_cashier] WHERE  [Cashier_code] > '0'  AND [store_code] = '000002') AS thinkphp) AS T1 WHERE (T1.ROW_NUMBER BETWEEN 0 + 1 AND 0 + 14) [ RunTime:0.120000s ]
[ sql ] [ SQL ] SELECT   column_name,   data_type,   column_default,   is_nullable
        FROM    information_schema.tables AS t
        JOIN    information_schema.columns AS c
        ON  t.table_catalog = c.table_catalog
        AND t.table_schema  = c.table_schema
        AND t.table_name    = c.table_name
        WHERE   t.table_name = 'tbl_store' [ RunTime:0.120000s ]
[ sql ] [ SQL ] SELECT column_name FROM information_schema.key_column_usage WHERE table_name='tbl_store' [ RunTime:0.060000s ]
[ sql ] [ SQL ] SELECT T1.* FROM (SELECT thinkphp.*, ROW_NUMBER() OVER ( ORDER BY rand()) AS ROW_NUMBER FROM (SELECT  [store_name] FROM [tbl_store] WHERE  [store_code] = '000002') AS thinkphp) AS T1 WHERE (T1.ROW_NUMBER BETWEEN 1 AND 1) [ RunTime:0.120000s ]
[ sql ] [ SQL ] SELECT T1.* FROM (SELECT thinkphp.*, ROW_NUMBER() OVER ( ORDER BY rand()) AS ROW_NUMBER FROM (SELECT  [store_name] FROM [tbl_store] WHERE  [store_code] = '000002') AS thinkphp) AS T1 WHERE (T1.ROW_NUMBER BETWEEN 1 AND 1) [ RunTime:0.120000s ]
---------------------------------------------------------------
[ 2018-05-10T11:04:24+08:00 ] 127.0.0.1 GET /manage/member/index
[ sql ] [ DB ] CONNECT:[ UseTime:0.001001s ] sqlsrv:Database=XiaoCaoPos;Server=114.215.197.61
[ sql ] [ SQL ] SELECT   column_name,   data_type,   column_default,   is_nullable
        FROM    information_schema.tables AS t
        JOIN    information_schema.columns AS c
        ON  t.table_catalog = c.table_catalog
        AND t.table_schema  = c.table_schema
        AND t.table_name    = c.table_name
        WHERE   t.table_name = 'tbl_cashier' [ RunTime:0.062003s ]
[ sql ] [ SQL ] SELECT column_name FROM information_schema.key_column_usage WHERE table_name='tbl_cashier' [ RunTime:0.060004s ]
[ sql ] [ SQL ] SELECT T1.* FROM (SELECT thinkphp.*, ROW_NUMBER() OVER ( ORDER BY rand()) AS ROW_NUMBER FROM (SELECT  COUNT(*) AS tp_count FROM [tbl_cashier] WHERE  [Cashier_code] > '0'  AND [store_code] = '000002') AS thinkphp) AS T1 WHERE (T1.ROW_NUMBER BETWEEN 1 AND 1) [ RunTime:0.117007s ]
[ sql ] [ SQL ] SELECT T1.* FROM (SELECT thinkphp.*, ROW_NUMBER() OVER ( ORDER BY Cashier_code ASC) AS ROW_NUMBER FROM (SELECT  * FROM [tbl_cashier] WHERE  [Cashier_code] > '0'  AND [store_code] = '000002') AS thinkphp) AS T1 WHERE (T1.ROW_NUMBER BETWEEN 0 + 1 AND 0 + 14) [ RunTime:0.118006s ]
[ sql ] [ SQL ] SELECT   column_name,   data_type,   column_default,   is_nullable
        FROM    information_schema.tables AS t
        JOIN    information_schema.columns AS c
        ON  t.table_catalog = c.table_catalog
        AND t.table_schema  = c.table_schema
        AND t.table_name    = c.table_name
        WHERE   t.table_name = 'tbl_store' [ RunTime:0.117006s ]
[ sql ] [ SQL ] SELECT column_name FROM information_schema.key_column_usage WHERE table_name='tbl_store' [ RunTime:0.059004s ]
[ sql ] [ SQL ] SELECT T1.* FROM (SELECT thinkphp.*, ROW_NUMBER() OVER ( ORDER BY rand()) AS ROW_NUMBER FROM (SELECT  [store_name] FROM [tbl_store] WHERE  [store_code] = '000002') AS thinkphp) AS T1 WHERE (T1.ROW_NUMBER BETWEEN 1 AND 1) [ RunTime:0.117007s ]
[ sql ] [ SQL ] SELECT T1.* FROM (SELECT thinkphp.*, ROW_NUMBER() OVER ( ORDER BY rand()) AS ROW_NUMBER FROM (SELECT  [store_name] FROM [tbl_store] WHERE  [store_code] = '000002') AS thinkphp) AS T1 WHERE (T1.ROW_NUMBER BETWEEN 1 AND 1) [ RunTime:0.118007s ]
---------------------------------------------------------------
[ 2018-05-10T11:04:38+08:00 ] 127.0.0.1 GET /manage/member/index
[ sql ] [ DB ] CONNECT:[ UseTime:0.001000s ] sqlsrv:Database=XiaoCaoPos;Server=114.215.197.61
[ sql ] [ SQL ] SELECT   column_name,   data_type,   column_default,   is_nullable
        FROM    information_schema.tables AS t
        JOIN    information_schema.columns AS c
        ON  t.table_catalog = c.table_catalog
        AND t.table_schema  = c.table_schema
        AND t.table_name    = c.table_name
        WHERE   t.table_name = 'tbl_cashier' [ RunTime:0.062003s ]
[ sql ] [ SQL ] SELECT column_name FROM information_schema.key_column_usage WHERE table_name='tbl_cashier' [ RunTime:0.059003s ]
[ sql ] [ SQL ] SELECT T1.* FROM (SELECT thinkphp.*, ROW_NUMBER() OVER ( ORDER BY rand()) AS ROW_NUMBER FROM (SELECT  COUNT(*) AS tp_count FROM [tbl_cashier] WHERE  [Cashier_code] > '0'  AND [store_code] = '000002') AS thinkphp) AS T1 WHERE (T1.ROW_NUMBER BETWEEN 1 AND 1) [ RunTime:0.117007s ]
[ sql ] [ SQL ] SELECT T1.* FROM (SELECT thinkphp.*, ROW_NUMBER() OVER ( ORDER BY Cashier_code ASC) AS ROW_NUMBER FROM (SELECT  * FROM [tbl_cashier] WHERE  [Cashier_code] > '0'  AND [store_code] = '000002') AS thinkphp) AS T1 WHERE (T1.ROW_NUMBER BETWEEN 0 + 1 AND 0 + 14) [ RunTime:0.118007s ]
[ sql ] [ SQL ] SELECT   column_name,   data_type,   column_default,   is_nullable
        FROM    information_schema.tables AS t
        JOIN    information_schema.columns AS c
        ON  t.table_catalog = c.table_catalog
        AND t.table_schema  = c.table_schema
        AND t.table_name    = c.table_name
        WHERE   t.table_name = 'tbl_store' [ RunTime:0.118007s ]
[ sql ] [ SQL ] SELECT column_name FROM information_schema.key_column_usage WHERE table_name='tbl_store' [ RunTime:0.059003s ]
[ sql ] [ SQL ] SELECT T1.* FROM (SELECT thinkphp.*, ROW_NUMBER() OVER ( ORDER BY rand()) AS ROW_NUMBER FROM (SELECT  [store_name] FROM [tbl_store] WHERE  [store_code] = '000002') AS thinkphp) AS T1 WHERE (T1.ROW_NUMBER BETWEEN 1 AND 1) [ RunTime:0.117007s ]
[ sql ] [ SQL ] SELECT T1.* FROM (SELECT thinkphp.*, ROW_NUMBER() OVER ( ORDER BY rand()) AS ROW_NUMBER FROM (SELECT  [store_name] FROM [tbl_store] WHERE  [store_code] = '000002') AS thinkphp) AS T1 WHERE (T1.ROW_NUMBER BETWEEN 1 AND 1) [ RunTime:0.116007s ]
---------------------------------------------------------------
[ 2018-05-10T11:04:41+08:00 ] 127.0.0.1 GET /manage/member/index
[ sql ] [ DB ] CONNECT:[ UseTime:0.001000s ] sqlsrv:Database=XiaoCaoPos;Server=114.215.197.61
[ sql ] [ SQL ] SELECT   column_name,   data_type,   column_default,   is_nullable
        FROM    information_schema.tables AS t
        JOIN    information_schema.columns AS c
        ON  t.table_catalog = c.table_catalog
        AND t.table_schema  = c.table_schema
        AND t.table_name    = c.table_name
        WHERE   t.table_name = 'tbl_cashier' [ RunTime:0.061004s ]
[ sql ] [ SQL ] SELECT column_name FROM information_schema.key_column_usage WHERE table_name='tbl_cashier' [ RunTime:0.059003s ]
[ sql ] [ SQL ] SELECT T1.* FROM (SELECT thinkphp.*, ROW_NUMBER() OVER ( ORDER BY rand()) AS ROW_NUMBER FROM (SELECT  COUNT(*) AS tp_count FROM [tbl_cashier] WHERE  [Cashier_code] > '0'  AND [store_code] = '000002') AS thinkphp) AS T1 WHERE (T1.ROW_NUMBER BETWEEN 1 AND 1) [ RunTime:0.117006s ]
[ sql ] [ SQL ] SELECT T1.* FROM (SELECT thinkphp.*, ROW_NUMBER() OVER ( ORDER BY Cashier_code ASC) AS ROW_NUMBER FROM (SELECT  * FROM [tbl_cashier] WHERE  [Cashier_code] > '0'  AND [store_code] = '000002') AS thinkphp) AS T1 WHERE (T1.ROW_NUMBER BETWEEN 0 + 1 AND 0 + 14) [ RunTime:0.118007s ]
[ sql ] [ SQL ] SELECT   column_name,   data_type,   column_default,   is_nullable
        FROM    information_schema.tables AS t
        JOIN    information_schema.columns AS c
        ON  t.table_catalog = c.table_catalog
        AND t.table_schema  = c.table_schema
        AND t.table_name    = c.table_name
        WHERE   t.table_name = 'tbl_store' [ RunTime:0.118006s ]
[ sql ] [ SQL ] SELECT column_name FROM information_schema.key_column_usage WHERE table_name='tbl_store' [ RunTime:0.059004s ]
[ sql ] [ SQL ] SELECT T1.* FROM (SELECT thinkphp.*, ROW_NUMBER() OVER ( ORDER BY rand()) AS ROW_NUMBER FROM (SELECT  [store_name] FROM [tbl_store] WHERE  [store_code] = '000002') AS thinkphp) AS T1 WHERE (T1.ROW_NUMBER BETWEEN 1 AND 1) [ RunTime:0.117007s ]
[ sql ] [ SQL ] SELECT T1.* FROM (SELECT thinkphp.*, ROW_NUMBER() OVER ( ORDER BY rand()) AS ROW_NUMBER FROM (SELECT  [store_name] FROM [tbl_store] WHERE  [store_code] = '000002') AS thinkphp) AS T1 WHERE (T1.ROW_NUMBER BETWEEN 1 AND 1) [ RunTime:0.116006s ]
---------------------------------------------------------------
[ 2018-05-10T11:04:45+08:00 ] 127.0.0.1 GET /manage/member/index
[ sql ] [ DB ] CONNECT:[ UseTime:0.000000s ] sqlsrv:Database=XiaoCaoPos;Server=114.215.197.61
[ sql ] [ SQL ] SELECT   column_name,   data_type,   column_default,   is_nullable
        FROM    information_schema.tables AS t
        JOIN    information_schema.columns AS c
        ON  t.table_catalog = c.table_catalog
        AND t.table_schema  = c.table_schema
        AND t.table_name    = c.table_name
        WHERE   t.table_name = 'tbl_cashier' [ RunTime:0.070000s ]
[ sql ] [ SQL ] SELECT column_name FROM information_schema.key_column_usage WHERE table_name='tbl_cashier' [ RunTime:0.060000s ]
[ sql ] [ SQL ] SELECT T1.* FROM (SELECT thinkphp.*, ROW_NUMBER() OVER ( ORDER BY rand()) AS ROW_NUMBER FROM (SELECT  COUNT(*) AS tp_count FROM [tbl_cashier] WHERE  [Cashier_code] > '0'  AND [store_code] = '000002') AS thinkphp) AS T1 WHERE (T1.ROW_NUMBER BETWEEN 1 AND 1) [ RunTime:0.110000s ]
[ sql ] [ SQL ] SELECT T1.* FROM (SELECT thinkphp.*, ROW_NUMBER() OVER ( ORDER BY Cashier_code ASC) AS ROW_NUMBER FROM (SELECT  * FROM [tbl_cashier] WHERE  [Cashier_code] > '0'  AND [store_code] = '000002') AS thinkphp) AS T1 WHERE (T1.ROW_NUMBER BETWEEN 0 + 1 AND 0 + 14) [ RunTime:0.120000s ]
[ sql ] [ SQL ] SELECT   column_name,   data_type,   column_default,   is_nullable
        FROM    information_schema.tables AS t
        JOIN    information_schema.columns AS c
        ON  t.table_catalog = c.table_catalog
        AND t.table_schema  = c.table_schema
        AND t.table_name    = c.table_name
        WHERE   t.table_name = 'tbl_store' [ RunTime:0.120001s ]
[ sql ] [ SQL ] SELECT column_name FROM information_schema.key_column_usage WHERE table_name='tbl_store' [ RunTime:0.060000s ]
[ sql ] [ SQL ] SELECT T1.* FROM (SELECT thinkphp.*, ROW_NUMBER() OVER ( ORDER BY rand()) AS ROW_NUMBER FROM (SELECT  [store_name] FROM [tbl_store] WHERE  [store_code] = '000002') AS thinkphp) AS T1 WHERE (T1.ROW_NUMBER BETWEEN 1 AND 1) [ RunTime:0.120000s ]
[ sql ] [ SQL ] SELECT T1.* FROM (SELECT thinkphp.*, ROW_NUMBER() OVER ( ORDER BY rand()) AS ROW_NUMBER FROM (SELECT  [store_name] FROM [tbl_store] WHERE  [store_code] = '000002') AS thinkphp) AS T1 WHERE (T1.ROW_NUMBER BETWEEN 1 AND 1) [ RunTime:0.120000s ]
---------------------------------------------------------------
[ 2018-05-10T11:07:34+08:00 ] 127.0.0.1 GET /manage/member/index
[ sql ] [ DB ] CONNECT:[ UseTime:0.328019s ] sqlsrv:Database=XiaoCaoPos;Server=114.215.197.61
[ sql ] [ SQL ] SELECT   column_name,   data_type,   column_default,   is_nullable
        FROM    information_schema.tables AS t
        JOIN    information_schema.columns AS c
        ON  t.table_catalog = c.table_catalog
        AND t.table_schema  = c.table_schema
        AND t.table_name    = c.table_name
        WHERE   t.table_name = 'tbl_cashier' [ RunTime:0.064003s ]
[ sql ] [ SQL ] SELECT column_name FROM information_schema.key_column_usage WHERE table_name='tbl_cashier' [ RunTime:0.062004s ]
[ sql ] [ SQL ] SELECT T1.* FROM (SELECT thinkphp.*, ROW_NUMBER() OVER ( ORDER BY rand()) AS ROW_NUMBER FROM (SELECT  COUNT(*) AS tp_count FROM [tbl_cashier] WHERE  [Cashier_code] > '0'  AND [store_code] = '000002') AS thinkphp) AS T1 WHERE (T1.ROW_NUMBER BETWEEN 1 AND 1) [ RunTime:0.123008s ]
[ sql ] [ SQL ] SELECT T1.* FROM (SELECT thinkphp.*, ROW_NUMBER() OVER ( ORDER BY Cashier_code ASC) AS ROW_NUMBER FROM (SELECT  * FROM [tbl_cashier] WHERE  [Cashier_code] > '0'  AND [store_code] = '000002') AS thinkphp) AS T1 WHERE (T1.ROW_NUMBER BETWEEN 0 + 1 AND 0 + 14) [ RunTime:0.125007s ]
[ sql ] [ SQL ] SELECT   column_name,   data_type,   column_default,   is_nullable
        FROM    information_schema.tables AS t
        JOIN    information_schema.columns AS c
        ON  t.table_catalog = c.table_catalog
        AND t.table_schema  = c.table_schema
        AND t.table_name    = c.table_name
        WHERE   t.table_name = 'tbl_store' [ RunTime:0.124007s ]
[ sql ] [ SQL ] SELECT column_name FROM information_schema.key_column_usage WHERE table_name='tbl_store' [ RunTime:0.063004s ]
[ sql ] [ SQL ] SELECT T1.* FROM (SELECT thinkphp.*, ROW_NUMBER() OVER ( ORDER BY rand()) AS ROW_NUMBER FROM (SELECT  [store_name] FROM [tbl_store] WHERE  [store_code] = '000002') AS thinkphp) AS T1 WHERE (T1.ROW_NUMBER BETWEEN 1 AND 1) [ RunTime:0.124007s ]
[ sql ] [ SQL ] SELECT T1.* FROM (SELECT thinkphp.*, ROW_NUMBER() OVER ( ORDER BY rand()) AS ROW_NUMBER FROM (SELECT  [store_name] FROM [tbl_store] WHERE  [store_code] = '000002') AS thinkphp) AS T1 WHERE (T1.ROW_NUMBER BETWEEN 1 AND 1) [ RunTime:0.123007s ]
---------------------------------------------------------------
[ 2018-05-10T14:59:41+08:00 ] 127.0.0.1 GET /manage/member/index
[ sql ] [ DB ] CONNECT:[ UseTime:0.990001s ] sqlsrv:Database=XiaoCaoPos;Server=114.215.197.61
[ sql ] [ SQL ] SELECT   column_name,   data_type,   column_default,   is_nullable
        FROM    information_schema.tables AS t
        JOIN    information_schema.columns AS c
        ON  t.table_catalog = c.table_catalog
        AND t.table_schema  = c.table_schema
        AND t.table_name    = c.table_name
        WHERE   t.table_name = 'tbl_cashier' [ RunTime:0.060000s ]
[ sql ] [ SQL ] SELECT column_name FROM information_schema.key_column_usage WHERE table_name='tbl_cashier' [ RunTime:0.060001s ]
[ sql ] [ SQL ] SELECT T1.* FROM (SELECT thinkphp.*, ROW_NUMBER() OVER ( ORDER BY rand()) AS ROW_NUMBER FROM (SELECT  COUNT(*) AS tp_count FROM [tbl_cashier] WHERE  [Cashier_code] > '0'  AND [store_code] = '000002') AS thinkphp) AS T1 WHERE (T1.ROW_NUMBER BETWEEN 1 AND 1) [ RunTime:0.120000s ]
[ sql ] [ SQL ] SELECT T1.* FROM (SELECT thinkphp.*, ROW_NUMBER() OVER ( ORDER BY Cashier_code ASC) AS ROW_NUMBER FROM (SELECT  * FROM [tbl_cashier] WHERE  [Cashier_code] > '0'  AND [store_code] = '000002') AS thinkphp) AS T1 WHERE (T1.ROW_NUMBER BETWEEN 0 + 1 AND 0 + 14) [ RunTime:0.130000s ]
[ sql ] [ SQL ] SELECT   column_name,   data_type,   column_default,   is_nullable
        FROM    information_schema.tables AS t
        JOIN    information_schema.columns AS c
        ON  t.table_catalog = c.table_catalog
        AND t.table_schema  = c.table_schema
        AND t.table_name    = c.table_name
        WHERE   t.table_name = 'tbl_store' [ RunTime:0.120000s ]
[ sql ] [ SQL ] SELECT column_name FROM information_schema.key_column_usage WHERE table_name='tbl_store' [ RunTime:0.060000s ]
[ sql ] [ SQL ] SELECT T1.* FROM (SELECT thinkphp.*, ROW_NUMBER() OVER ( ORDER BY rand()) AS ROW_NUMBER FROM (SELECT  [store_name] FROM [tbl_store] WHERE  [store_code] = '000002') AS thinkphp) AS T1 WHERE (T1.ROW_NUMBER BETWEEN 1 AND 1) [ RunTime:0.120001s ]
[ sql ] [ SQL ] SELECT T1.* FROM (SELECT thinkphp.*, ROW_NUMBER() OVER ( ORDER BY rand()) AS ROW_NUMBER FROM (SELECT  [store_name] FROM [tbl_store] WHERE  [store_code] = '000002') AS thinkphp) AS T1 WHERE (T1.ROW_NUMBER BETWEEN 1 AND 1) [ RunTime:0.130000s ]
---------------------------------------------------------------
[ 2018-05-10T14:59:45+08:00 ] 127.0.0.1 GET /manage/member/index
[ sql ] [ DB ] CONNECT:[ UseTime:0.000000s ] sqlsrv:Database=XiaoCaoPos;Server=114.215.197.61
[ sql ] [ SQL ] SELECT   column_name,   data_type,   column_default,   is_nullable
        FROM    information_schema.tables AS t
        JOIN    information_schema.columns AS c
        ON  t.table_catalog = c.table_catalog
        AND t.table_schema  = c.table_schema
        AND t.table_name    = c.table_name
        WHERE   t.table_name = 'tbl_cashier' [ RunTime:0.063004s ]
[ sql ] [ SQL ] SELECT column_name FROM information_schema.key_column_usage WHERE table_name='tbl_cashier' [ RunTime:0.060003s ]
[ sql ] [ SQL ] SELECT T1.* FROM (SELECT thinkphp.*, ROW_NUMBER() OVER ( ORDER BY rand()) AS ROW_NUMBER FROM (SELECT  COUNT(*) AS tp_count FROM [tbl_cashier] WHERE  [Cashier_code] > '0'  AND [store_code] = '000002') AS thinkphp) AS T1 WHERE (T1.ROW_NUMBER BETWEEN 1 AND 1) [ RunTime:0.120007s ]
[ sql ] [ SQL ] SELECT T1.* FROM (SELECT thinkphp.*, ROW_NUMBER() OVER ( ORDER BY Cashier_code ASC) AS ROW_NUMBER FROM (SELECT  * FROM [tbl_cashier] WHERE  [Cashier_code] > '0'  AND [store_code] = '000002') AS thinkphp) AS T1 WHERE (T1.ROW_NUMBER BETWEEN 0 + 1 AND 0 + 14) [ RunTime:0.121007s ]
[ sql ] [ SQL ] SELECT   column_name,   data_type,   column_default,   is_nullable
        FROM    information_schema.tables AS t
        JOIN    information_schema.columns AS c
        ON  t.table_catalog = c.table_catalog
        AND t.table_schema  = c.table_schema
        AND t.table_name    = c.table_name
        WHERE   t.table_name = 'tbl_store' [ RunTime:0.120007s ]
[ sql ] [ SQL ] SELECT column_name FROM information_schema.key_column_usage WHERE table_name='tbl_store' [ RunTime:0.061003s ]
[ sql ] [ SQL ] SELECT T1.* FROM (SELECT thinkphp.*, ROW_NUMBER() OVER ( ORDER BY rand()) AS ROW_NUMBER FROM (SELECT  [store_name] FROM [tbl_store] WHERE  [store_code] = '000002') AS thinkphp) AS T1 WHERE (T1.ROW_NUMBER BETWEEN 1 AND 1) [ RunTime:0.119007s ]
[ sql ] [ SQL ] SELECT T1.* FROM (SELECT thinkphp.*, ROW_NUMBER() OVER ( ORDER BY rand()) AS ROW_NUMBER FROM (SELECT  [store_name] FROM [tbl_store] WHERE  [store_code] = '000002') AS thinkphp) AS T1 WHERE (T1.ROW_NUMBER BETWEEN 1 AND 1) [ RunTime:0.121007s ]
---------------------------------------------------------------
[ 2018-05-10T14:59:49+08:00 ] 127.0.0.1 GET /manage/member/index
[ sql ] [ DB ] CONNECT:[ UseTime:0.000000s ] sqlsrv:Database=XiaoCaoPos;Server=114.215.197.61
[ sql ] [ SQL ] SELECT   column_name,   data_type,   column_default,   is_nullable
        FROM    information_schema.tables AS t
        JOIN    information_schema.columns AS c
        ON  t.table_catalog = c.table_catalog
        AND t.table_schema  = c.table_schema
        AND t.table_name    = c.table_name
        WHERE   t.table_name = 'tbl_cashier' [ RunTime:0.062003s ]
[ sql ] [ SQL ] SELECT column_name FROM information_schema.key_column_usage WHERE table_name='tbl_cashier' [ RunTime:0.060004s ]
[ sql ] [ SQL ] SELECT T1.* FROM (SELECT thinkphp.*, ROW_NUMBER() OVER ( ORDER BY rand()) AS ROW_NUMBER FROM (SELECT  COUNT(*) AS tp_count FROM [tbl_cashier] WHERE  [Cashier_code] > '0'  AND [store_code] = '000002') AS thinkphp) AS T1 WHERE (T1.ROW_NUMBER BETWEEN 1 AND 1) [ RunTime:0.119007s ]
[ sql ] [ SQL ] SELECT T1.* FROM (SELECT thinkphp.*, ROW_NUMBER() OVER ( ORDER BY Cashier_code ASC) AS ROW_NUMBER FROM (SELECT  * FROM [tbl_cashier] WHERE  [Cashier_code] > '0'  AND [store_code] = '000002') AS thinkphp) AS T1 WHERE (T1.ROW_NUMBER BETWEEN 0 + 1 AND 0 + 14) [ RunTime:0.120007s ]
[ sql ] [ SQL ] SELECT   column_name,   data_type,   column_default,   is_nullable
        FROM    information_schema.tables AS t
        JOIN    information_schema.columns AS c
        ON  t.table_catalog = c.table_catalog
        AND t.table_schema  = c.table_schema
        AND t.table_name    = c.table_name
        WHERE   t.table_name = 'tbl_store' [ RunTime:0.120007s ]
[ sql ] [ SQL ] SELECT column_name FROM information_schema.key_column_usage WHERE table_name='tbl_store' [ RunTime:0.060003s ]
[ sql ] [ SQL ] SELECT T1.* FROM (SELECT thinkphp.*, ROW_NUMBER() OVER ( ORDER BY rand()) AS ROW_NUMBER FROM (SELECT  [store_name] FROM [tbl_store] WHERE  [store_code] = '000002') AS thinkphp) AS T1 WHERE (T1.ROW_NUMBER BETWEEN 1 AND 1) [ RunTime:0.121007s ]
[ sql ] [ SQL ] SELECT T1.* FROM (SELECT thinkphp.*, ROW_NUMBER() OVER ( ORDER BY rand()) AS ROW_NUMBER FROM (SELECT  [store_name] FROM [tbl_store] WHERE  [store_code] = '000002') AS thinkphp) AS T1 WHERE (T1.ROW_NUMBER BETWEEN 1 AND 1) [ RunTime:0.120007s ]
